c:\users\m513207\desktop\2012\ag1101a\rastertek\dx11lab4\engine\engine\debug\cameraclass.obj
c:\users\m513207\desktop\2012\ag1101a\rastertek\dx11lab4\engine\engine\debug\d3dclass.obj
c:\users\m513207\desktop\2012\ag1101a\rastertek\dx11lab4\engine\engine\debug\graphicsclass.obj
c:\users\m513207\desktop\2012\ag1101a\rastertek\dx11lab4\engine\engine\debug\inputclass.obj
c:\users\m513207\desktop\2012\ag1101a\rastertek\dx11lab4\engine\engine\debug\lightclass.obj
c:\users\m513207\desktop\2012\ag1101a\rastertek\dx11lab4\engine\engine\debug\lightshaderclass.obj
c:\users\m513207\desktop\2012\ag1101a\rastertek\dx11lab4\engine\engine\debug\main.obj
c:\users\m513207\desktop\2012\ag1101a\rastertek\dx11lab4\engine\engine\debug\modelclass.obj
c:\users\m513207\desktop\2012\ag1101a\rastertek\dx11lab4\engine\engine\debug\systemclass.obj
c:\users\m513207\desktop\2012\ag1101a\rastertek\dx11lab4\engine\engine\debug\vc100.pdb
\\learn2\module\iamg\ag1101a\labs\dx11lab4\engine\engine\debug\cameraclass.obj
\\learn2\module\iamg\ag1101a\labs\dx11lab4\engine\engine\debug\d3dclass.obj
\\learn2\module\iamg\ag1101a\labs\dx11lab4\engine\engine\debug\graphicsclass.obj
\\learn2\module\iamg\ag1101a\labs\dx11lab4\engine\engine\debug\inputclass.obj
\\learn2\module\iamg\ag1101a\labs\dx11lab4\engine\engine\debug\lightclass.obj
\\learn2\module\iamg\ag1101a\labs\dx11lab4\engine\engine\debug\lightshaderclass.obj
\\learn2\module\iamg\ag1101a\labs\dx11lab4\engine\engine\debug\main.obj
\\learn2\module\iamg\ag1101a\labs\dx11lab4\engine\engine\debug\modelclass.obj
\\learn2\module\iamg\ag1101a\labs\dx11lab4\engine\engine\debug\systemclass.obj
\\learn2\module\iamg\ag1101a\labs\dx11lab4\engine\engine\debug\vc100.pdb
c:\users\m513207\desktop\2012\ag1101a\rastertek\dx11lab4\engine\debug\engine.ilk
c:\users\m513207\desktop\2012\ag1101a\rastertek\dx11lab4\engine\debug\engine.exe
c:\users\m513207\desktop\2012\ag1101a\rastertek\dx11lab4\engine\engine\debug\engine.exe.intermediate.manifest
c:\users\m513207\desktop\2012\ag1101a\rastertek\dx11lab4\engine\debug\engine.pdb
\\learn2\module\iamg\ag1101a\labs\dx11lab4\engine\debug\engine.ilk
\\learn2\module\iamg\ag1101a\labs\dx11lab4\engine\debug\engine.exe
\\learn2\module\iamg\ag1101a\labs\dx11lab4\engine\debug\engine.pdb
c:\users\m513207\desktop\2012\ag1101a\rastertek\dx11lab4\engine\engine\debug\engine.exe.embed.manifest
c:\users\m513207\desktop\2012\ag1101a\rastertek\dx11lab4\engine\engine\debug\engine.exe.embed.manifest.res
\\stuhome\homedrive1$\1301641\programming for games\lab 4 model loading and shaders\engine\engine\debug\vc140.pdb
\\stuhome\homedrive1$\1301641\programming for games\lab 4 model loading and shaders\engine\engine\debug\vc140.idb
\\stuhome\homedrive1$\1301641\programming for games\lab 4 model loading and shaders\engine\engine\debug\cameraclass.obj
\\stuhome\homedrive1$\1301641\programming for games\lab 4 model loading and shaders\engine\engine\debug\d3dclass.obj
\\stuhome\homedrive1$\1301641\programming for games\lab 4 model loading and shaders\engine\engine\debug\graphicsclass.obj
\\stuhome\homedrive1$\1301641\programming for games\lab 4 model loading and shaders\engine\engine\debug\inputclass.obj
\\stuhome\homedrive1$\1301641\programming for games\lab 4 model loading and shaders\engine\engine\debug\lightclass.obj
\\stuhome\homedrive1$\1301641\programming for games\lab 4 model loading and shaders\engine\engine\debug\lightshaderclass.obj
\\stuhome\homedrive1$\1301641\programming for games\lab 4 model loading and shaders\engine\engine\debug\main.obj
\\stuhome\homedrive1$\1301641\programming for games\lab 4 model loading and shaders\engine\engine\debug\modelclass.obj
\\stuhome\homedrive1$\1301641\programming for games\lab 4 model loading and shaders\engine\engine\debug\systemclass.obj
\\stuhome\homedrive1$\1301641\programming for games\lab 4 model loading and shaders\engine\engine\debug\textureclass.obj
\\stuhome\homedrive1$\1301641\programming for games\lab 4 model loading and shaders\engine\engine\debug\basemesh.obj
\\stuhome\homedrive1$\1301641\programming for games\lab 4 model loading and shaders\engine\engine\debug\soundclass.obj
\\stuhome\homedrive1$\1301641\programming for games\lab 4 model loading and shaders\engine\engine\debug\bumpmapshaderclass.obj
\\stuhome\homedrive1$\1301641\programming for games\lab 4 model loading and shaders\engine\engine\debug\texturearray.obj
\\stuhome\homedrive1$\1301641\programming for games\lab 4 model loading and shaders\engine\engine\debug\fireshaderclass.obj
\\stuhome\homedrive1$\1301641\github\programmingforgames\engine\engine\debug\vc140.pdb
\\stuhome\homedrive1$\1301641\github\programmingforgames\engine\engine\debug\vc140.idb
\\stuhome\homedrive1$\1301641\github\programmingforgames\engine\engine\debug\systemclass.obj
\\stuhome\homedrive1$\1301641\github\programmingforgames\engine\engine\debug\timerclass.obj
\\stuhome\homedrive1$\1301641\github\programmingforgames\engine\engine\debug\specshaderclass.obj
\\stuhome\homedrive1$\1301641\github\programmingforgames\engine\engine\debug\texturearray.obj
\\stuhome\homedrive1$\1301641\github\programmingforgames\engine\engine\debug\bumpmapshaderclass.obj
\\stuhome\homedrive1$\1301641\github\programmingforgames\engine\engine\debug\cameraclass.obj
\\stuhome\homedrive1$\1301641\github\programmingforgames\engine\engine\debug\cpuclass.obj
\\stuhome\homedrive1$\1301641\github\programmingforgames\engine\engine\debug\d3dclass.obj
\\stuhome\homedrive1$\1301641\github\programmingforgames\engine\engine\debug\fontclass.obj
\\stuhome\homedrive1$\1301641\github\programmingforgames\engine\engine\debug\fontshaderclass.obj
\\stuhome\homedrive1$\1301641\github\programmingforgames\engine\engine\debug\fpsclass.obj
\\stuhome\homedrive1$\1301641\github\programmingforgames\engine\engine\debug\graphicsclass.obj
\\stuhome\homedrive1$\1301641\github\programmingforgames\engine\engine\debug\inputclass.obj
\\stuhome\homedrive1$\1301641\github\programmingforgames\engine\engine\debug\lightclass.obj
\\stuhome\homedrive1$\1301641\github\programmingforgames\engine\engine\debug\lightshaderclass.obj
\\stuhome\homedrive1$\1301641\github\programmingforgames\engine\engine\debug\main.obj
\\stuhome\homedrive1$\1301641\github\programmingforgames\engine\engine\debug\modelclass.obj
\\stuhome\homedrive1$\1301641\github\programmingforgames\engine\engine\debug\soundclass.obj
\\stuhome\homedrive1$\1301641\github\programmingforgames\engine\engine\debug\textclass.obj
\\stuhome\homedrive1$\1301641\github\programmingforgames\engine\engine\debug\textureclass.obj
\\stuhome\homedrive1$\1301641\github\programmingforgames\engine\engine\debug\basemesh.obj
\\stuhome\homedrive1$\1301641\github\programmingforgames\engine\engine\debug\fireshaderclass.obj
\\stuhome\homedrive1$\1301641\github\programmingforgames\engine\engine\debug\particleshaderclass.obj
\\stuhome\homedrive1$\1301641\github\programmingforgames\engine\engine\debug\particlesystemclass.obj
\\stuhome\homedrive1$\1301641\github\programmingforgames\engine\engine\debug\textureshaderclass.obj
\\stuhome\homedrive1$\1301641\github\programmingforgames\engine\engine\debug\inputsystem.obj
\\stuhome\homedrive1$\1301641\github\programmingforgames\engine\engine\debug\light.obj
\\stuhome\homedrive1$\1301641\github\programmingforgames\engine\engine\debug\cputracker.obj
\\stuhome\homedrive1$\1301641\github\programmingforgames\engine\engine\debug\fpstracker.obj
\\stuhome\homedrive1$\1301641\github\programmingforgames\engine\engine\debug\debugwindow.obj
\\stuhome\homedrive1$\1301641\github\programmingforgames\engine\engine\debug\rendertexture.obj
m:\github\programmingforgames\engine\engine\debug\vc140.pdb
m:\github\programmingforgames\engine\engine\debug\vc140.idb
m:\github\programmingforgames\engine\engine\debug\fontclass.obj
m:\github\programmingforgames\engine\engine\debug\fontshaderclass.obj
m:\github\programmingforgames\engine\engine\debug\fpstracker.obj
m:\github\programmingforgames\engine\engine\debug\graphicsclass.obj
m:\github\programmingforgames\engine\engine\debug\inputsystem.obj
m:\github\programmingforgames\engine\engine\debug\light.obj
m:\github\programmingforgames\engine\engine\debug\lightshaderclass.obj
m:\github\programmingforgames\engine\engine\debug\main.obj
m:\github\programmingforgames\engine\engine\debug\modelclass.obj
m:\github\programmingforgames\engine\engine\debug\particleshaderclass.obj
m:\github\programmingforgames\engine\engine\debug\particlesystemclass.obj
m:\github\programmingforgames\engine\engine\debug\rendertexture.obj
m:\github\programmingforgames\engine\engine\debug\soundclass.obj
m:\github\programmingforgames\engine\engine\debug\specshaderclass.obj
m:\github\programmingforgames\engine\engine\debug\systemclass.obj
m:\github\programmingforgames\engine\engine\debug\textclass.obj
m:\github\programmingforgames\engine\engine\debug\texturearray.obj
m:\github\programmingforgames\engine\engine\debug\textureclass.obj
m:\github\programmingforgames\engine\engine\debug\textureshaderclass.obj
m:\github\programmingforgames\engine\engine\debug\timerclass.obj
m:\github\programmingforgames\engine\engine\debug\basemesh.obj
m:\github\programmingforgames\engine\engine\debug\bumpmapshaderclass.obj
m:\github\programmingforgames\engine\engine\debug\cameraclass.obj
m:\github\programmingforgames\engine\engine\debug\cputracker.obj
m:\github\programmingforgames\engine\engine\debug\d3dclass.obj
m:\github\programmingforgames\engine\engine\debug\debugwindow.obj
m:\github\programmingforgames\engine\engine\debug\fireshaderclass.obj
m:\github\programmingforgames\engine\engine\debug\terrain.obj
m:\github\programmingforgames\engine\engine\debug\terrainshaderclass.obj
\\stuhome\homedrive1$\1301641\github\programmingforgames\engine\engine\debug\terrain.obj
\\stuhome\homedrive1$\1301641\github\programmingforgames\engine\engine\debug\terrainshaderclass.obj
\\stuhome\homedrive1$\1301641\github\programmingforgames\engine\engine\debug\bitmap.obj
\\stuhome\homedrive1$\1301641\programming for games\lab 4 model loading and shaders\engine\debug\engine.ilk
\\stuhome\homedrive1$\1301641\programming for games\lab 4 model loading and shaders\engine\debug\engine.exe
\\stuhome\homedrive1$\1301641\programming for games\lab 4 model loading and shaders\engine\debug\engine.pdb
m:\github\programmingforgames\engine\debug\engine.ilk
m:\github\programmingforgames\engine\debug\engine.exe
m:\github\programmingforgames\engine\debug\engine.pdb
\\stuhome\homedrive1$\1301641\github\programmingforgames\engine\debug\engine.ilk
\\stuhome\homedrive1$\1301641\github\programmingforgames\engine\debug\engine.exe
\\stuhome\homedrive1$\1301641\github\programmingforgames\engine\debug\engine.pdb
\\stuhome\homedrive1$\1301641\github\programmingforgames\engine\engine\debug\graphicsclass.obj.enc
\\stuhome\homedrive1$\1301641\github\programmingforgames\engine\engine\debug\cl.command.1.tlog
\\stuhome\homedrive1$\1301641\github\programmingforgames\engine\engine\debug\cl.read.1.tlog
\\stuhome\homedrive1$\1301641\github\programmingforgames\engine\engine\debug\cl.write.1.tlog
\\stuhome\homedrive1$\1301641\github\programmingforgames\engine\engine\debug\link-cvtres.read.1.tlog
\\stuhome\homedrive1$\1301641\github\programmingforgames\engine\engine\debug\link-cvtres.write.1.tlog
\\stuhome\homedrive1$\1301641\github\programmingforgames\engine\engine\debug\link.4152-cvtres.read.1.tlog
\\stuhome\homedrive1$\1301641\github\programmingforgames\engine\engine\debug\link.4152-cvtres.write.1.tlog
\\stuhome\homedrive1$\1301641\github\programmingforgames\engine\engine\debug\link.4152.read.1.tlog
\\stuhome\homedrive1$\1301641\github\programmingforgames\engine\engine\debug\link.4152.write.1.tlog
\\stuhome\homedrive1$\1301641\github\programmingforgames\engine\engine\debug\link.command.1.tlog
\\stuhome\homedrive1$\1301641\github\programmingforgames\engine\engine\debug\link.read.1.tlog
\\stuhome\homedrive1$\1301641\github\programmingforgames\engine\engine\debug\link.write.1.tlog
\\stuhome\homedrive1$\1301641\github\programmingforgames\engine\engine\debug\mt.command.1.tlog
\\stuhome\homedrive1$\1301641\github\programmingforgames\engine\engine\debug\mt.read.1.tlog
\\stuhome\homedrive1$\1301641\github\programmingforgames\engine\engine\debug\mt.write.1.tlog
\\stuhome\homedrive1$\1301641\github\programmingforgames\engine\engine\debug\rc.command.1.tlog
\\stuhome\homedrive1$\1301641\github\programmingforgames\engine\engine\debug\rc.read.1.tlog
\\stuhome\homedrive1$\1301641\github\programmingforgames\engine\engine\debug\rc.write.1.tlog
\\stuhome\homedrive1$\1301641\github\programmingforgames\engine\engine\debug\engine.exe.embed.manifest
\\stuhome\homedrive1$\1301641\github\programmingforgames\engine\engine\debug\engine.exe.intermediate.manifest
\\stuhome\homedrive1$\1301641\github\programmingforgames\engine\engine\debug\engine.exe.embed.manifest.res
\\stuhome\homedrive1$\1301641\github\programmingforgames\engine\engine\debug\vc100.idb
\\stuhome\homedrive1$\1301641\github\programmingforgames\engine\engine\debug\engine_manifest.rc
\\stuhome\homedrive1$\1301641\github\programmingforgames\engine\engine\debug\engine.tlog\cl.command.1.tlog
\\stuhome\homedrive1$\1301641\github\programmingforgames\engine\engine\debug\engine.tlog\cl.read.1.tlog
\\stuhome\homedrive1$\1301641\github\programmingforgames\engine\engine\debug\engine.tlog\cl.write.1.tlog
\\stuhome\homedrive1$\1301641\github\programmingforgames\engine\engine\debug\engine.tlog\link.command.1.tlog
\\stuhome\homedrive1$\1301641\github\programmingforgames\engine\engine\debug\engine.tlog\link.read.1.tlog
\\stuhome\homedrive1$\1301641\github\programmingforgames\engine\engine\debug\engine.tlog\link.write.1.tlog
