  BaseMesh.cpp
\\stuhome\homedrive1$\1301641\github\programmingforgames\engine\engine\textureclass.h(12): fatal error C1083: Cannot open include file: 'd3dx11tex.h': No such file or directory
  bumpmapshaderclass.cpp
\\stuhome\homedrive1$\1301641\github\programmingforgames\engine\engine\bumpmapshaderclass.h(14): fatal error C1083: Cannot open include file: 'd3dx10math.h': No such file or directory
  cameraclass.cpp
\\stuhome\homedrive1$\1301641\github\programmingforgames\engine\engine\cameraclass.h(11): fatal error C1083: Cannot open include file: 'd3dx10math.h': No such file or directory
  cpuclass.cpp
  d3dclass.cpp
\\stuhome\homedrive1$\1301641\github\programmingforgames\engine\engine\d3dclass.h(23): fatal error C1083: Cannot open include file: 'd3dx10math.h': No such file or directory
  FireShaderClass.cpp
\\stuhome\homedrive1$\1301641\github\programmingforgames\engine\engine\fireshaderclass.h(12): fatal error C1083: Cannot open include file: 'd3dx10math.h': No such file or directory
  fontclass.cpp
\\stuhome\homedrive1$\1301641\github\programmingforgames\engine\engine\fontclass.h(12): fatal error C1083: Cannot open include file: 'd3dx10math.h': No such file or directory
  fontshaderclass.cpp
\\stuhome\homedrive1$\1301641\github\programmingforgames\engine\engine\fontshaderclass.h(12): fatal error C1083: Cannot open include file: 'd3dx10math.h': No such file or directory
  fpsclass.cpp
  graphicsclass.cpp
\\stuhome\homedrive1$\1301641\github\programmingforgames\engine\engine\d3dclass.h(23): fatal error C1083: Cannot open include file: 'd3dx10math.h': No such file or directory
  inputclass.cpp
  lightclass.cpp
\\stuhome\homedrive1$\1301641\github\programmingforgames\engine\engine\lightclass.h(11): fatal error C1083: Cannot open include file: 'd3dx10math.h': No such file or directory
  lightshaderclass.cpp
\\stuhome\homedrive1$\1301641\github\programmingforgames\engine\engine\lightshaderclass.h(12): fatal error C1083: Cannot open include file: 'd3dx10math.h': No such file or directory
  main.cpp
\\stuhome\homedrive1$\1301641\github\programmingforgames\engine\engine\d3dclass.h(23): fatal error C1083: Cannot open include file: 'd3dx10math.h': No such file or directory
  modelclass.cpp
\\stuhome\homedrive1$\1301641\github\programmingforgames\engine\engine\modelclass.h(12): fatal error C1083: Cannot open include file: 'd3dx10math.h': No such file or directory
  ParticleShaderClass.cpp
\\stuhome\homedrive1$\1301641\github\programmingforgames\engine\engine\particleshaderclass.h(12): fatal error C1083: Cannot open include file: 'd3dx10math.h': No such file or directory
  ParticleSystemClass.cpp
\\stuhome\homedrive1$\1301641\github\programmingforgames\engine\engine\ParticleSystemClass.h(12): fatal error C1083: Cannot open include file: 'd3dx10math.h': No such file or directory
  soundclass.cpp
  SpecShaderClass.cpp
\\stuhome\homedrive1$\1301641\github\programmingforgames\engine\engine\SpecShaderClass.h(12): fatal error C1083: Cannot open include file: 'd3dx10math.h': No such file or directory
  systemclass.cpp
\\stuhome\homedrive1$\1301641\github\programmingforgames\engine\engine\d3dclass.h(23): fatal error C1083: Cannot open include file: 'd3dx10math.h': No such file or directory
  Compiling...
  textclass.cpp
\\stuhome\homedrive1$\1301641\github\programmingforgames\engine\engine\fontclass.h(12): fatal error C1083: Cannot open include file: 'd3dx10math.h': No such file or directory
  TextureArray.cpp
\\stuhome\homedrive1$\1301641\github\programmingforgames\engine\engine\TextureArray.h(12): fatal error C1083: Cannot open include file: 'd3dx11tex.h': No such file or directory
  textureclass.cpp
\\stuhome\homedrive1$\1301641\github\programmingforgames\engine\engine\textureclass.h(12): fatal error C1083: Cannot open include file: 'd3dx11tex.h': No such file or directory
  timerclass.cpp
